▲ Next.js 16.1.6 (Turbopack)
- Local:         http://localhost:3015
- Network:       http://192.168.56.1:3015
- Environments: .env

✓ Starting...
✓ Ready in 6.1s
○ Compiling / ...
prisma:query SELECT COUNT(*) AS "_count._all" FROM (SELECT "public"."Blog"."id" FROM "public"."Blog" WHERE "public"."Blog"."published" = $1 OFFSET $2) AS "sub"
prisma:query SELECT "public"."Blog"."id", "public"."Blog"."title", "public"."Blog"."slug", "public"."Blog"."content", "public"."Blog"."featuredImage", "public"."Blog"."metaTitle", "public"."Blog"."metaDescription", "public"."Blog"."published", "public"."Blog"."createdAt", "public"."Blog"."updatedAt" FROM "public"."Blog" WHERE "public"."Blog"."published" = $1 ORDER BY "public"."Blog"."createdAt" DESC LIMIT $2 OFFSET $3
prisma:query SELECT COUNT(*) AS "_count._all" FROM (SELECT "public"."Certificate"."id" FROM "public"."Certificate" WHERE 1=1 OFFSET $1) AS "sub"
prisma:query SELECT "public"."Ad"."id", "public"."Ad"."title", "public"."Ad"."adCode", "public"."Ad"."placement"::text, "public"."Ad"."active", "public"."Ad"."createdAt", "public"."Ad"."updatedAt" FROM "public"."Ad" WHERE ("public"."Ad"."placement" = CAST($1::text AS "public"."AdPlacement") AND "public"."Ad"."active" = $2) ORDER BY "public"."Ad"."createdAt" DESC OFFSET $3
prisma:query SELECT "public"."Ad"."id", "public"."Ad"."title", "public"."Ad"."adCode", "public"."Ad"."placement"::text, "public"."Ad"."active", "public"."Ad"."createdAt", "public"."Ad"."updatedAt" FROM "public"."Ad" WHERE ("public"."Ad"."placement" = CAST($1::text AS "public"."AdPlacement") AND "public"."Ad"."active" = $2) ORDER BY "public"."Ad"."createdAt" DESC OFFSET $3
prisma:query SELECT "public"."Category"."id", "public"."Category"."name", "public"."Category"."slug", "public"."Category"."description", "public"."Category"."createdAt", "public"."Category"."updatedAt", COALESCE("aggr_selection_0_Certificate"."_aggr_count_certificates", 0) AS "_aggr_count_certificates" FROM "public"."Category" LEFT JOIN (SELECT "public"."Certificate"."categoryId", COUNT(*) AS "orderby_aggregator" FROM "public"."Certificate" WHERE 1=1 GROUP BY "public"."Certificate"."categoryId") AS "orderby_1_Certificate" ON ("public"."Category"."id" = "orderby_1_Certificate"."categoryId") LEFT JOIN (SELECT "public"."Certificate"."categoryId", COUNT(*) AS "_aggr_count_certificates" FROM "public"."Certificate" WHERE 1=1 GROUP BY "public"."Certificate"."categoryId") AS "aggr_selection_0_Certificate" ON ("public"."Category"."id" = "aggr_selection_0_Certificate"."categoryId") WHERE 1=1 ORDER BY COALESCE("orderby_1_Certificate"."orderby_aggregator", $1) DESC, "public"."Category"."createdAt" DESC LIMIT $2 OFFSET $3
prisma:query SELECT "public"."Certificate"."id", "public"."Certificate"."title", "public"."Certificate"."slug", "public"."Certificate"."courseName", "public"."Certificate"."platform", "public"."Certificate"."category", "public"."Certificate"."categoryId", "public"."Certificate"."duration", "public"."Certificate"."viewCount", "public"."Certificate"."pricingType", "public"."Certificate"."courseContent", "public"."Certificate"."benefits", "public"."Certificate"."certificateUrl", "public"."Certificate"."description", "public"."Certificate"."imageUrl", "public"."Certificate"."link", "public"."Certificate"."metaTitle", "public"."Certificate"."metaDescription", "public"."Certificate"."keywords", "public"."Certificate"."issuedAt", "public"."Certificate"."createdAt", "public"."Certificate"."updatedAt" FROM "public"."Certificate" WHERE 1=1 ORDER BY "public"."Certificate"."viewCount" DESC, "public"."Certificate"."createdAt" DESC LIMIT $1 OFFSET $2
prisma:query SELECT "public"."Category"."id", "public"."Category"."name", "public"."Category"."slug", "public"."Category"."description", "public"."Category"."createdAt", "public"."Category"."updatedAt" FROM "public"."Category" WHERE "public"."Category"."id" IN ($1,$2) OFFSET $3
 GET / 200 in 8.3s (compile: 3.8s, render: 4.4s)
prisma:query SELECT 1
prisma:query SELECT 1
prisma:query SELECT 1
prisma:query SELECT 1
prisma:query SELECT 1
prisma:query SELECT 1
prisma:query SELECT 1
prisma:query SELECT COUNT(*) AS "_count._all" FROM (SELECT "public"."Blog"."id" FROM "public"."Blog" WHERE "public"."Blog"."published" = $1 OFFSET $2) AS "sub"
prisma:query SELECT COUNT(*) AS "_count._all" FROM (SELECT "public"."Certificate"."id" FROM "public"."Certificate" WHERE 1=1 OFFSET $1) AS "sub"
prisma:query SELECT "public"."Category"."id", "public"."Category"."name", "public"."Category"."slug", "public"."Category"."description", "public"."Category"."createdAt", "public"."Category"."updatedAt", COALESCE("aggr_selection_0_Certificate"."_aggr_count_certificates", 0) AS "_aggr_count_certificates" FROM "public"."Category" LEFT JOIN (SELECT "public"."Certificate"."categoryId", COUNT(*) AS "orderby_aggregator" FROM "public"."Certificate" WHERE 1=1 GROUP BY "public"."Certificate"."categoryId") AS "orderby_1_Certificate" ON ("public"."Category"."id" = "orderby_1_Certificate"."categoryId") LEFT JOIN (SELECT "public"."Certificate"."categoryId", COUNT(*) AS "_aggr_count_certificates" FROM "public"."Certificate" WHERE 1=1 GROUP BY "public"."Certificate"."categoryId") AS "aggr_selection_0_Certificate" ON ("public"."Category"."id" = "aggr_selection_0_Certificate"."categoryId") WHERE 1=1 ORDER BY COALESCE("orderby_1_Certificate"."orderby_aggregator", $1) DESC, "public"."Category"."createdAt" DESC LIMIT $2 OFFSET $3
prisma:query SELECT "public"."Ad"."id", "public"."Ad"."title", "public"."Ad"."adCode", "public"."Ad"."placement"::text, "public"."Ad"."active", "public"."Ad"."createdAt", "public"."Ad"."updatedAt" FROM "public"."Ad" WHERE ("public"."Ad"."placement" = CAST($1::text AS "public"."AdPlacement") AND "public"."Ad"."active" = $2) ORDER BY "public"."Ad"."createdAt" DESC OFFSET $3
prisma:query SELECT "public"."Ad"."id", "public"."Ad"."title", "public"."Ad"."adCode", "public"."Ad"."placement"::text, "public"."Ad"."active", "public"."Ad"."createdAt", "public"."Ad"."updatedAt" FROM "public"."Ad" WHERE ("public"."Ad"."placement" = CAST($1::text AS "public"."AdPlacement") AND "public"."Ad"."active" = $2) ORDER BY "public"."Ad"."createdAt" DESC OFFSET $3
prisma:query SELECT "public"."Blog"."id", "public"."Blog"."title", "public"."Blog"."slug", "public"."Blog"."content", "public"."Blog"."featuredImage", "public"."Blog"."metaTitle", "public"."Blog"."metaDescription", "public"."Blog"."published", "public"."Blog"."createdAt", "public"."Blog"."updatedAt" FROM "public"."Blog" WHERE "public"."Blog"."published" = $1 ORDER BY "public"."Blog"."createdAt" DESC LIMIT $2 OFFSET $3
prisma:query SELECT "public"."Certificate"."id", "public"."Certificate"."title", "public"."Certificate"."slug", "public"."Certificate"."courseName", "public"."Certificate"."platform", "public"."Certificate"."category", "public"."Certificate"."categoryId", "public"."Certificate"."duration", "public"."Certificate"."viewCount", "public"."Certificate"."pricingType", "public"."Certificate"."courseContent", "public"."Certificate"."benefits", "public"."Certificate"."certificateUrl", "public"."Certificate"."description", "public"."Certificate"."imageUrl", "public"."Certificate"."link", "public"."Certificate"."metaTitle", "public"."Certificate"."metaDescription", "public"."Certificate"."keywords", "public"."Certificate"."issuedAt", "public"."Certificate"."createdAt", "public"."Certificate"."updatedAt" FROM "public"."Certificate" WHERE 1=1 ORDER BY "public"."Certificate"."viewCount" DESC, "public"."Certificate"."createdAt" DESC LIMIT $1 OFFSET $2
prisma:query SELECT "public"."Category"."id", "public"."Category"."name", "public"."Category"."slug", "public"."Category"."description", "public"."Category"."createdAt", "public"."Category"."updatedAt" FROM "public"."Category" WHERE "public"."Category"."id" IN ($1,$2) OFFSET $3
 GET / 200 in 1694ms (compile: 16ms, render: 1678ms)
 GET /api/auth/me 401 in 370ms (compile: 334ms, render: 37ms)
prisma:query SELECT "public"."Blog"."id", "public"."Blog"."title", "public"."Blog"."slug", "public"."Blog"."content", "public"."Blog"."featuredImage", "public"."Blog"."metaTitle", "public"."Blog"."metaDescription", "public"."Blog"."published", "public"."Blog"."createdAt", "public"."Blog"."updatedAt" FROM "public"."Blog" WHERE "public"."Blog"."published" = $1 ORDER BY "public"."Blog"."createdAt" DESC OFFSET $2
prisma:query SELECT "public"."Ad"."id", "public"."Ad"."title", "public"."Ad"."adCode", "public"."Ad"."placement"::text, "public"."Ad"."active", "public"."Ad"."createdAt", "public"."Ad"."updatedAt" FROM "public"."Ad" WHERE ("public"."Ad"."placement" = CAST($1::text AS "public"."AdPlacement") AND "public"."Ad"."active" = $2) ORDER BY "public"."Ad"."createdAt" DESC OFFSET $3
 GET /blog 200 in 2.6s (compile: 1572ms, render: 1043ms)
 GET /api/auth/me 401 in 21ms (compile: 8ms, render: 12ms)
